Removed Pin From Net: NetName=GND Pin=C11-1
Removed Pin From Net: NetName=GND Pin=C13-1
Removed Pin From Net: NetName=GND Pin=C14-1
Removed Pin From Net: NetName=3V3 Pin=C14-2
Removed Pin From Net: NetName=GND Pin=C15-1
Removed Pin From Net: NetName=3V3 Pin=C15-2
Removed Pin From Net: NetName=GND Pin=C16-1
Removed Pin From Net: NetName=3V3 Pin=C16-2
Removed Pin From Net: NetName=GND Pin=C17-1
Removed Pin From Net: NetName=GND Pin=C18-1
Removed Pin From Net: NetName=GND Pin=R7-1
Removed Pin From Net: NetName=3V3 Pin=U3-7
Removed Pin From Net: NetName=GND Pin=U3-8
Removed Pin From Net: NetName=GND Pin=U3-14
Removed Pin From Net: NetName=3V3 Pin=U3-15
Removed Pin From Net: NetName=GND Pin=U3-17
Removed Pin From Net: NetName=3V3 Pin=U3-18
Removed Pin From Net: NetName=GND Pin=U3-20
Removed Pin From Net: NetName=GND Pin=U3-21
Removed Pin From Net: NetName=GND Pin=X2-2
Added Component: Designator=R8(Res-0402-M)
Added Component: Designator=R9(Res-0402-M)
Added Pin To Net: NetName=3V3 Pin=R8-1
Added Pin To Net: NetName=GND Pin=R9-1
Added Pin To Net: NetName=RF_3V3 Pin=C14-2
Added Pin To Net: NetName=RF_3V3 Pin=C15-2
Added Pin To Net: NetName=RF_3V3 Pin=C16-2
Added Pin To Net: NetName=RF_3V3 Pin=R8-2
Added Pin To Net: NetName=RF_3V3 Pin=U3-7
Added Pin To Net: NetName=RF_3V3 Pin=U3-15
Added Pin To Net: NetName=RF_3V3 Pin=U3-18
Added Net: Name=RF_3V3
Added Pin To Net: NetName=RF_GND Pin=C11-1
Added Pin To Net: NetName=RF_GND Pin=C13-1
Added Pin To Net: NetName=RF_GND Pin=C14-1
Added Pin To Net: NetName=RF_GND Pin=C15-1
Added Pin To Net: NetName=RF_GND Pin=C16-1
Added Pin To Net: NetName=RF_GND Pin=C17-1
Added Pin To Net: NetName=RF_GND Pin=C18-1
Added Pin To Net: NetName=RF_GND Pin=R7-1
Added Pin To Net: NetName=RF_GND Pin=R9-2
Added Pin To Net: NetName=RF_GND Pin=U3-8
Added Pin To Net: NetName=RF_GND Pin=U3-14
Added Pin To Net: NetName=RF_GND Pin=U3-17
Added Pin To Net: NetName=RF_GND Pin=U3-20
Added Pin To Net: NetName=RF_GND Pin=U3-21
Added Pin To Net: NetName=RF_GND Pin=X2-2
Added Net: Name=RF_GND
Added Member To Class: ClassName=NRF24L01 Member=Component R8 0R
Added Member To Class: ClassName=NRF24L01 Member=Component R9 0R
