Added Component: Designator=C1(Cap-0402-M)
Added Component: Designator=C2(Cap-0402-M)
Added Component: Designator=C3(Cap-0402-M)
Added Component: Designator=C4(Cap-0402-M)
Added Component: Designator=C5(Cap-0402-M)
Added Component: Designator=C6(Cap-0603-M)
Added Component: Designator=C7(Cap-0402-M)
Added Component: Designator=C8(Cap-0402-M)
Added Component: Designator=C9(Cap-0603-M)
Added Component: Designator=C10(Cap-0402-M)
Added Component: Designator=C11(CAP-0402-M)
Added Component: Designator=C12(Cap-0402-M)
Added Component: Designator=C13(Cap-0402-M)
Added Component: Designator=C14(Cap-0603-M)
Added Component: Designator=C15(CAP-0402-M)
Added Component: Designator=C16(CAP-0402-M)
Added Component: Designator=C17(Cap-0402-M)
Added Component: Designator=C18(Cap-0402-M)
Added Component: Designator=E1(AN2051-245)
Add component (AddParameter): Name = "PackageReference"; Value = "R_1206"; VariantName = "[No Variations]"
Add component (AddParameter): Name = "Published"; Value = "12-August-2017"; VariantName = "[No Variations]"
Add component (AddParameter): Name = "Publisher"; Value = "mazhongwei"; VariantName = "[No Variations]"
Added Component: Designator=L1(L-0402)
Added Component: Designator=L2(L-0402)
Added Component: Designator=L3(L-0402)
Added Component: Designator=R1(Res-0402-M)
Added Component: Designator=R2(Res-0402-M)
Added Component: Designator=R3(Res-0402-M)
Added Component: Designator=R4(Res-0402-M)
Added Component: Designator=R5(Res-0402-M)
Added Component: Designator=R6(Res-0402-M)
Added Component: Designator=R7(Res-0402-M)
Added Component: Designator=RED1(LED_0603_R)
Add component (AddParameter): Name = "ComponentLink1Description"; Value = "供应商链接"; VariantName = "[No Variations]"
Add component (AddParameter): Name = "ComponentLink1URL"; Value = "http://www.szlcsc.com/product/details_2659.html"; VariantName = "[No Variations]"
Add component (AddParameter): Name = "Package"; Value = "0603"; VariantName = "[No Variations]"
Add component (AddParameter): Name = "Supplier"; Value = "LC"; VariantName = "[No Variations]"
Add component (AddParameter): Name = "SuppliersPartNumber"; Value = "C2286"; VariantName = "[No Variations]"
Added Component: Designator=U1(STM-VFQFPN36_N)
Add component (AddParameter): Name = "A/D Converter"; Value = "2x12-bit (10 Channel)"; VariantName = "[No Variations]"
Add component (AddParameter): Name = "ComponentLink1Description"; Value = "Manufacturer URL"; VariantName = "[No Variations]"
Add component (AddParameter): Name = "ComponentLink1URL"; Value = "http://www.st.com/web/en/home.html"; VariantName = "[No Variations]"
Add component (AddParameter): Name = "ComponentLink2Description"; Value = "Datasheet"; VariantName = "[No Variations]"
Add component (AddParameter): Name = "ComponentLink2URL"; Value = "http://www.st.com/st-web-ui/static/active/en/resource/technical/document/datasheet/CD00161566.pdf"; VariantName = "[No Variations]"
Add component (AddParameter): Name = "ComponentLink3Description"; Value = "Package Specification"; VariantName = "[No Variations]"
Add component (AddParameter): Name = "ComponentLink3URL"; Value = "http://www.st.com/st-web-ui/static/active/en/resource/technical/document/datasheet/CD00161561.pdf"; VariantName = "[No Variations]"
Add component (AddParameter): Name = "Core"; Value = "ARM Cortex-M3"; VariantName = "[No Variations]"
Add component (AddParameter): Name = "DatasheetVersion"; Value = "Rev. 16"; VariantName = "[No Variations]"
Add component (AddParameter): Name = "FLASH Size (Prog) (kB)"; Value = "64"; VariantName = "[No Variations]"
Add component (AddParameter): Name = "I/Os (High Current)"; Value = "26"; VariantName = "[No Variations]"
Add component (AddParameter): Name = "Internal RAM Size (kB)"; Value = "20"; VariantName = "[No Variations]"
Add component (AddParameter): Name = "Mounting Technology"; Value = "Surface Mount"; VariantName = "[No Variations]"
Add component (AddParameter): Name = "Operating Frequency(F) (Processor speed) (MHz)"; Value = "72"; VariantName = "[No Variations]"
Add component (AddParameter): Name = "PackageDescription"; Value = "36-Pin Quad Flat No-Lead, 6 x 6 x 1.0 mm Body, 0.5 mm Pitch, Exposed Pad"; VariantName = "[No Variations]"
Add component (AddParameter): Name = "PackageReference"; Value = "VFQFPN36"; VariantName = "[No Variations]"
Add component (AddParameter): Name = "PackageVersion"; Value = "Rev. 16, 08/2013"; VariantName = "[No Variations]"
Add component (AddParameter): Name = "Packing"; Value = "Tray"; VariantName = "[No Variations]"
Add component (AddParameter): Name = "PartNumber"; Value = "STM32F103T8U6"; VariantName = "[No Variations]"
Add component (AddParameter): Name = "Supplier 1"; Value = "Digi-Key"; VariantName = "[No Variations]"
Add component (AddParameter): Name = "Supplier 2"; Value = "Farnell"; VariantName = "[No Variations]"
Add component (AddParameter): Name = "Supplier 3"; Value = "Newark"; VariantName = "[No Variations]"
Add component (AddParameter): Name = "Supplier 4"; Value = "Mouser"; VariantName = "[No Variations]"
Add component (AddParameter): Name = "Supplier Part Number 1"; Value = "497-11532-ND"; VariantName = "[No Variations]"
Add component (AddParameter): Name = "Supplier Part Number 2"; Value = "1606329"; VariantName = "[No Variations]"
Add component (AddParameter): Name = "Supplier Part Number 3"; Value = "11N8298"; VariantName = "[No Variations]"
Add component (AddParameter): Name = "Supplier Part Number 4"; Value = "511-STM32F103T8U6"; VariantName = "[No Variations]"
Add component (AddParameter): Name = "Supply Voltage(Vcc) min (V)"; Value = "2"; VariantName = "[No Variations]"
Added Component: Designator=U2(SOT23-5)
Added Component: Designator=U3(QFN20 4x4)
Added Component: Designator=USB1(USB_A/P_A)
Added Component: Designator=X1(OSC 3213-3P)
Added Component: Designator=X2(OSC 3213-3P)
Added Pin To Net: NetName=3.3V Pin=U1-1
Added Pin To Net: NetName=3.3V Pin=U1-6
Added Pin To Net: NetName=3.3V Pin=U1-19
Added Pin To Net: NetName=3.3V Pin=U1-27
Added Net: Name=3.3V
Added Pin To Net: NetName=3V3 Pin=C1-2
Added Pin To Net: NetName=3V3 Pin=C2-2
Added Pin To Net: NetName=3V3 Pin=C3-2
Added Pin To Net: NetName=3V3 Pin=C4-2
Added Pin To Net: NetName=3V3 Pin=C8-2
Added Pin To Net: NetName=3V3 Pin=C9-2
Added Pin To Net: NetName=3V3 Pin=C14-2
Added Pin To Net: NetName=3V3 Pin=C15-2
Added Pin To Net: NetName=3V3 Pin=C16-2
Added Pin To Net: NetName=3V3 Pin=R3-2
Added Pin To Net: NetName=3V3 Pin=U2-5
Added Pin To Net: NetName=3V3 Pin=U3-7
Added Pin To Net: NetName=3V3 Pin=U3-15
Added Pin To Net: NetName=3V3 Pin=U3-18
Added Net: Name=3V3
Added Pin To Net: NetName=5V Pin=C6-2
Added Pin To Net: NetName=5V Pin=C7-2
Added Pin To Net: NetName=5V Pin=R6-2
Added Pin To Net: NetName=5V Pin=U2-1
Added Pin To Net: NetName=5V Pin=U2-3
Added Pin To Net: NetName=5V Pin=USB1-1
Added Net: Name=5V
Added Pin To Net: NetName=GND Pin=C1-1
Added Pin To Net: NetName=GND Pin=C2-1
Added Pin To Net: NetName=GND Pin=C3-1
Added Pin To Net: NetName=GND Pin=C4-1
Added Pin To Net: NetName=GND Pin=C5-1
Added Pin To Net: NetName=GND Pin=C6-1
Added Pin To Net: NetName=GND Pin=C7-1
Added Pin To Net: NetName=GND Pin=C8-1
Added Pin To Net: NetName=GND Pin=C9-1
Added Pin To Net: NetName=GND Pin=C10-1
Added Pin To Net: NetName=GND Pin=C11-1
Added Pin To Net: NetName=GND Pin=C13-1
Added Pin To Net: NetName=GND Pin=C14-1
Added Pin To Net: NetName=GND Pin=C15-1
Added Pin To Net: NetName=GND Pin=C16-1
Added Pin To Net: NetName=GND Pin=C17-1
Added Pin To Net: NetName=GND Pin=C18-1
Added Pin To Net: NetName=GND Pin=R1-2
Added Pin To Net: NetName=GND Pin=R7-1
Added Pin To Net: NetName=GND Pin=RED1-2
Added Pin To Net: NetName=GND Pin=U1-5
Added Pin To Net: NetName=GND Pin=U1-18
Added Pin To Net: NetName=GND Pin=U1-26
Added Pin To Net: NetName=GND Pin=U1-36
Added Pin To Net: NetName=GND Pin=U1-37
Added Pin To Net: NetName=GND Pin=U2-2
Added Pin To Net: NetName=GND Pin=U3-8
Added Pin To Net: NetName=GND Pin=U3-14
Added Pin To Net: NetName=GND Pin=U3-17
Added Pin To Net: NetName=GND Pin=U3-20
Added Pin To Net: NetName=GND Pin=U3-21
Added Pin To Net: NetName=GND Pin=USB1-4
Added Pin To Net: NetName=GND Pin=X1-2
Added Pin To Net: NetName=GND Pin=X2-2
Added Net: Name=GND
Added Pin To Net: NetName=GPIO_CE_MCU_NRF Pin=U1-9
Added Pin To Net: NetName=GPIO_CE_MCU_NRF Pin=U3-1
Added Net: Name=GPIO_CE_MCU_NRF
Added Pin To Net: NetName=GPIO_IRQ_NRF_MCU Pin=U1-11
Added Pin To Net: NetName=GPIO_IRQ_NRF_MCU Pin=U3-6
Added Net: Name=GPIO_IRQ_NRF_MCU
Added Pin To Net: NetName=NetC10_2 Pin=C10-2
Added Pin To Net: NetName=NetC10_2 Pin=U2-4
Added Net: Name=NetC10_2
Added Pin To Net: NetName=NetC11_2 Pin=C11-2
Added Pin To Net: NetName=NetC11_2 Pin=U3-19
Added Net: Name=NetC11_2
Added Pin To Net: NetName=NetC12_1 Pin=C12-1
Added Pin To Net: NetName=NetC12_1 Pin=L1-2
Added Net: Name=NetC12_1
Added Pin To Net: NetName=NetC12_2 Pin=C12-2
Added Pin To Net: NetName=NetC12_2 Pin=C13-2
Added Pin To Net: NetName=NetC12_2 Pin=E1-1
Added Net: Name=NetC12_2
Added Pin To Net: NetName=NetC17_2 Pin=C17-2
Added Pin To Net: NetName=NetC17_2 Pin=C18-2
Added Pin To Net: NetName=NetC17_2 Pin=L3-2
Added Pin To Net: NetName=NetC17_2 Pin=U3-11
Added Net: Name=NetC17_2
Added Pin To Net: NetName=NetL1_1 Pin=L1-1
Added Pin To Net: NetName=NetL1_1 Pin=L2-2
Added Pin To Net: NetName=NetL1_1 Pin=U3-13
Added Net: Name=NetL1_1
Added Pin To Net: NetName=NetL2_1 Pin=L2-1
Added Pin To Net: NetName=NetL2_1 Pin=L3-1
Added Pin To Net: NetName=NetL2_1 Pin=U3-12
Added Net: Name=NetL2_1
Added Pin To Net: NetName=NetR1_1 Pin=R1-1
Added Pin To Net: NetName=NetR1_1 Pin=U1-35
Added Net: Name=NetR1_1
Added Pin To Net: NetName=NetR2_1 Pin=R2-1
Added Pin To Net: NetName=NetR2_1 Pin=RED1-1
Added Net: Name=NetR2_1
Added Pin To Net: NetName=NetR7_2 Pin=R7-2
Added Pin To Net: NetName=NetR7_2 Pin=U3-16
Added Net: Name=NetR7_2
Added Pin To Net: NetName=NetU3_9 Pin=U3-9
Added Pin To Net: NetName=NetU3_9 Pin=X2-1
Added Net: Name=NetU3_9
Added Pin To Net: NetName=NetU3_10 Pin=U3-10
Added Pin To Net: NetName=NetU3_10 Pin=X2-3
Added Net: Name=NetU3_10
Added Pin To Net: NetName=NRST_MCU_KEY Pin=C5-2
Added Pin To Net: NetName=NRST_MCU_KEY Pin=R3-1
Added Pin To Net: NetName=NRST_MCU_KEY Pin=U1-4
Added Net: Name=NRST_MCU_KEY
Added Pin To Net: NetName=OSC_MCU_XTAL Pin=U1-3
Added Pin To Net: NetName=OSC_MCU_XTAL Pin=X1-3
Added Net: Name=OSC_MCU_XTAL
Added Pin To Net: NetName=OSC_XTAL_MCU Pin=U1-2
Added Pin To Net: NetName=OSC_XTAL_MCU Pin=X1-1
Added Net: Name=OSC_XTAL_MCU
Added Pin To Net: NetName=SPI_CSN_MCU_NRF Pin=U1-10
Added Pin To Net: NetName=SPI_CSN_MCU_NRF Pin=U3-2
Added Net: Name=SPI_CSN_MCU_NRF
Added Pin To Net: NetName=SPI_MISO_NRF_MCU Pin=U1-13
Added Pin To Net: NetName=SPI_MISO_NRF_MCU Pin=U3-5
Added Net: Name=SPI_MISO_NRF_MCU
Added Pin To Net: NetName=SPI_MOSI_MCU_NRF Pin=U1-14
Added Pin To Net: NetName=SPI_MOSI_MCU_NRF Pin=U3-4
Added Net: Name=SPI_MOSI_MCU_NRF
Added Pin To Net: NetName=SPI_SCK_MCU_NRF Pin=U1-12
Added Pin To Net: NetName=SPI_SCK_MCU_NRF Pin=U3-3
Added Net: Name=SPI_SCK_MCU_NRF
Added Pin To Net: NetName=USB_MCU_TYPEC_N Pin=R5-2
Added Pin To Net: NetName=USB_MCU_TYPEC_N Pin=U1-23
Added Net: Name=USB_MCU_TYPEC_N
Added Pin To Net: NetName=USB_MCU_TYPEC_P Pin=R4-2
Added Pin To Net: NetName=USB_MCU_TYPEC_P Pin=U1-24
Added Net: Name=USB_MCU_TYPEC_P
Added Pin To Net: NetName=USBIN_N Pin=R5-1
Added Pin To Net: NetName=USBIN_N Pin=R6-1
Added Pin To Net: NetName=USBIN_N Pin=USB1-3
Added Net: Name=USBIN_N
Added Pin To Net: NetName=USBIN_P Pin=R4-1
Added Pin To Net: NetName=USBIN_P Pin=USB1-2
Added Net: Name=USBIN_P
Added Class: Name=MCU
Added Class: Name=NRF24L01
Added Class: Name=POWER
Added Differential Pair: Name=USB_MCU_TYPEC
Added Differential Pair: Name=USBIN
