Change Component Designator: OldDesignator=C34 NewDesignator=C38
Change Component Designator: OldDesignator=C35 NewDesignator=C44
Change Component Designator: OldDesignator=C36 NewDesignator=C39
Change Component Designator: OldDesignator=C37 NewDesignator=C43
Change Component Designator: OldDesignator=C38 NewDesignator=C40
Change Component Designator: OldDesignator=C39 NewDesignator=C42
Change Component Designator: OldDesignator=C40 NewDesignator=C41
Change Component Designator: OldDesignator=C41 NewDesignator=C45
Change Component Designator: OldDesignator=C42 NewDesignator=C46
Change Component Designator: OldDesignator=C43 NewDesignator=C47
Change Component Designator: OldDesignator=C44 NewDesignator=C48
Change Component Designator: OldDesignator=C45 NewDesignator=C50
Change Component Designator: OldDesignator=C46 NewDesignator=C49
Change Component Designator: OldDesignator=C47 NewDesignator=C51
Change Component Designator: OldDesignator=D22 NewDesignator=D25
Change Component Designator: OldDesignator=D23 NewDesignator=D22
Change Component Designator: OldDesignator=D24 NewDesignator=D23
Change Component Designator: OldDesignator=D25 NewDesignator=D24
Change Component Designator: OldDesignator=L4 NewDesignator=L5
Change Component Designator: OldDesignator=L5 NewDesignator=L4
Change Component Designator: OldDesignator=R7 NewDesignator=R10
Change Component Designator: OldDesignator=R8 NewDesignator=R12
Change Component Designator: OldDesignator=R9 NewDesignator=R15
Change Component Designator: OldDesignator=R10 NewDesignator=R14
Change Component Designator: OldDesignator=R11 NewDesignator=R22
Change Component Designator: OldDesignator=R12 NewDesignator=R17
Change Component Designator: OldDesignator=R13 NewDesignator=R7
Change Component Designator: OldDesignator=R14 NewDesignator=R8
Change Component Designator: OldDesignator=R15 NewDesignator=R9
Change Component Designator: OldDesignator=R16 NewDesignator=R13
Change Component Designator: OldDesignator=R17 NewDesignator=R20
Change Component Designator: OldDesignator=R18 NewDesignator=R11
Change Component Designator: OldDesignator=R19 NewDesignator=R16
Change Component Designator: OldDesignator=R20 NewDesignator=R18
Change Component Designator: OldDesignator=R21 NewDesignator=R19
Change Component Designator: OldDesignator=R22 NewDesignator=R21
Change Component Designator: OldDesignator=U3 NewDesignator=U2
Change Component Designator: OldDesignator=U4 NewDesignator=U3
Change Component Designator: OldDesignator=U5 NewDesignator=U4
Change Component Designator: OldDesignator=U6 NewDesignator=U5
Added Component: Designator=C34(Cap-0603)
Added Component: Designator=C35(Cap-0603)
Added Component: Designator=C36(Cap-0603)
Added Component: Designator=C37(Cap-0603)
Added Pin To Net: NetName=GND Pin=C34-1
Added Pin To Net: NetName=5V Pin=C34-2
Added Pin To Net: NetName=GND Pin=C35-1
Added Pin To Net: NetName=5V Pin=C35-2
Added Pin To Net: NetName=GND Pin=C36-1
Added Pin To Net: NetName=5V Pin=C36-2
Added Pin To Net: NetName=GND Pin=C37-1
Added Pin To Net: NetName=5V Pin=C37-2
Change Net Name : Old Net Name=NetC44_2 New Net Name=NetC48_2
Change Net Name : Old Net Name=NetD23_K New Net Name=NetD22_K
Change Net Name : Old Net Name=NetD24_K New Net Name=NetD23_K
Change Net Name : Old Net Name=NetD25_A New Net Name=NetD24_A
Change Net Name : Old Net Name=NetL5_A5 New Net Name=NetL4_A5
Change Net Name : Old Net Name=NetR9_1 New Net Name=NetR15_1
Change Net Name : Old Net Name=NetR10_2 New Net Name=NetR14_2
Change Net Name : Old Net Name=NetR11_1 New Net Name=NetR22_1
Change Net Name : Old Net Name=NetR17_1 New Net Name=NetR20_1
Added Member To Class: ClassName=LED Member=Component C34 104
Added Member To Class: ClassName=LED Member=Component C35 104
Added Member To Class: ClassName=LED Member=Component C36 104
Added Member To Class: ClassName=LED Member=Component C37 104
Added Room: Name=KEY_Pad
Added Room: Name=LED
Added Room: Name=MCU
Added Room: Name=NRF24L01
Added Room: Name=POWER
