Removed Pin From Net: NetName=OUT1 Pin=C1-1
Removed Pin From Net: NetName=OUT2 Pin=C2-1
Removed Pin From Net: NetName=OUT3 Pin=C3-1
Removed Pin From Net: NetName=OUT4 Pin=C4-1
Removed Pin From Net: NetName=GND Pin=C5-2
Removed Pin From Net: NetName=5V Pin=C6-2
Removed Pin From Net: NetName=GND Pin=C7-1
Removed Pin From Net: NetName=5V Pin=C7-2
Removed Pin From Net: NetName=GND Pin=C8-1
Removed Pin From Net: NetName=GND Pin=C9-1
Removed Pin From Net: NetName=OUT1 Pin=C10-1
Removed Pin From Net: NetName=OUT2 Pin=C11-1
Removed Pin From Net: NetName=OUT3 Pin=C12-1
Removed Pin From Net: NetName=OUT4 Pin=C13-1
Removed Pin From Net: NetName=OUT1 Pin=C14-1
Removed Pin From Net: NetName=OUT2 Pin=C15-1
Removed Pin From Net: NetName=OUT3 Pin=C16-1
Removed Pin From Net: NetName=OUT4 Pin=C17-1
Removed Pin From Net: NetName=GND Pin=C18-1
Removed Pin From Net: NetName=5V Pin=C18-2
Removed Pin From Net: NetName=GND Pin=C19-1
Removed Pin From Net: NetName=3V3 Pin=C19-2
Removed Pin From Net: NetName=3V3 Pin=C20-1
Removed Pin From Net: NetName=GND Pin=C20-2
Removed Pin From Net: NetName=GND Pin=C21-1
Removed Pin From Net: NetName=GND Pin=C26-1
Removed Pin From Net: NetName=5V Pin=C26-2
Removed Pin From Net: NetName=GND Pin=C27-1
Removed Pin From Net: NetName=5V Pin=C27-2
Removed Pin From Net: NetName=GND Pin=C28-1
Removed Pin From Net: NetName=5V Pin=C28-2
Removed Pin From Net: NetName=GND Pin=C29-1
Removed Pin From Net: NetName=5V Pin=C29-2
Removed Pin From Net: NetName=GND Pin=C30-1
Removed Pin From Net: NetName=5V Pin=C30-2
Removed Pin From Net: NetName=GND Pin=C31-1
Removed Pin From Net: NetName=5V Pin=C31-2
Removed Pin From Net: NetName=GND Pin=C32-1
Removed Pin From Net: NetName=5V Pin=C32-2
Removed Pin From Net: NetName=GND Pin=C33-1
Removed Pin From Net: NetName=5V Pin=C33-2
Removed Pin From Net: NetName=5V Pin=C34-2
Removed Pin From Net: NetName=5V Pin=C36-2
Removed Pin From Net: NetName=5V Pin=C39-2
Removed Pin From Net: NetName=5V Pin=C40-2
Removed Pin From Net: NetName=5V Pin=C42-2
Removed Pin From Net: NetName=GND Pin=C43-1
Removed Pin From Net: NetName=5V Pin=C43-2
Removed Pin From Net: NetName=GND Pin=C48-1
Removed Pin From Net: NetName=GND Pin=C49-1
Removed Pin From Net: NetName=GND Pin=C50-2
Removed Pin From Net: NetName=GND Pin=C51-2
Removed Pin From Net: NetName=GND Pin=C52-1
Removed Pin From Net: NetName=GND Pin=C53-1
Removed Pin From Net: NetName=3V3 Pin=C53-2
Removed Pin From Net: NetName=GND Pin=C54-1
Removed Pin From Net: NetName=3V3 Pin=C54-2
Removed Pin From Net: NetName=GND Pin=C55-1
Removed Pin From Net: NetName=3V3 Pin=C55-2
Removed Pin From Net: NetName=GND Pin=C56-1
Removed Pin From Net: NetName=3V3 Pin=C56-2
Removed Pin From Net: NetName=GND Pin=C57-1
Removed Pin From Net: NetName=GND Pin=D1-1
Removed Pin From Net: NetName=5V Pin=D1-3
Removed Pin From Net: NetName=GND Pin=D2-1
Removed Pin From Net: NetName=5V Pin=D2-3
Removed Pin From Net: NetName=GND Pin=D3-1
Removed Pin From Net: NetName=5V Pin=D3-3
Removed Pin From Net: NetName=GND Pin=D4-1
Removed Pin From Net: NetName=5V Pin=D4-3
Removed Pin From Net: NetName=NetC1_2 Pin=D5-A
Removed Pin From Net: NetName=NetC2_2 Pin=D6-A
Removed Pin From Net: NetName=GND Pin=D9-1
Removed Pin From Net: NetName=5V Pin=D9-3
Removed Pin From Net: NetName=GND Pin=D10-1
Removed Pin From Net: NetName=5V Pin=D10-3
Removed Pin From Net: NetName=GND Pin=D11-1
Removed Pin From Net: NetName=5V Pin=D11-3
Removed Pin From Net: NetName=5V Pin=D12-K
Removed Pin From Net: NetName=GND Pin=D13-1
Removed Pin From Net: NetName=5V Pin=D13-3
Removed Pin From Net: NetName=GND Pin=D14-1
Removed Pin From Net: NetName=5V Pin=D14-3
Removed Pin From Net: NetName=GND Pin=D15-1
Removed Pin From Net: NetName=5V Pin=D15-3
Removed Pin From Net: NetName=GND Pin=D16-1
Removed Pin From Net: NetName=5V Pin=D16-3
Removed Pin From Net: NetName=NetC10_2 Pin=D17-A
Removed Pin From Net: NetName=GND Pin=D21-1
Removed Pin From Net: NetName=5V Pin=D21-3
Removed Pin From Net: NetName=GND Pin=D22-1
Removed Pin From Net: NetName=5V Pin=D22-3
Removed Pin From Net: NetName=GND Pin=D23-1
Removed Pin From Net: NetName=5V Pin=D23-3
Removed Pin From Net: NetName=GND Pin=D28-1
Removed Pin From Net: NetName=5V Pin=D28-3
Removed Pin From Net: NetName=GND Pin=D29-1
Removed Pin From Net: NetName=5V Pin=D29-3
Removed Pin From Net: NetName=GND Pin=D30-1
Removed Pin From Net: NetName=5V Pin=D30-3
Removed Pin From Net: NetName=NetC22_2 Pin=D31-A
Removed Pin From Net: NetName=NetC23_2 Pin=D32-A
Removed Pin From Net: NetName=NetC24_2 Pin=D33-A
Removed Pin From Net: NetName=NetC25_2 Pin=D34-A
Removed Pin From Net: NetName=GND Pin=L3-A1B12
Removed Pin From Net: NetName=USBIN_P Pin=L3-A6
Removed Pin From Net: NetName=USBIN_N Pin=L3-A7
Removed Pin From Net: NetName=GND Pin=L3-B1A12
Removed Pin From Net: NetName=USBIN_P Pin=L3-B6
Removed Pin From Net: NetName=USBIN_N Pin=L3-B7
Removed Pin From Net: NetName=GND Pin=OLED1-1
Removed Pin From Net: NetName=GND Pin=OLED1-2
Removed Pin From Net: NetName=3V3 Pin=OLED1-3
Removed Pin From Net: NetName=GND Pin=OLED1-4
Removed Pin From Net: NetName=GND Pin=OLED1-9
Removed Pin From Net: NetName=GND Pin=OLED1-10
Removed Pin From Net: NetName=GND Pin=OLED1-11
Removed Pin From Net: NetName=GND Pin=OLED1-12
Removed Pin From Net: NetName=GND Pin=OLED1-13
Removed Pin From Net: NetName=GND Pin=OLED1-17
Removed Pin From Net: NetName=GND Pin=OLED1-18
Removed Pin From Net: NetName=GND Pin=OLED1-19
Removed Pin From Net: NetName=GND Pin=OLED1-21
Removed Pin From Net: NetName=3V3 Pin=OLED1-22
Removed Pin From Net: NetName=GND Pin=OLED1-24
Removed Pin From Net: NetName=Green Pin=P1-3
Removed Pin From Net: NetName=GND Pin=P2-4
Removed Pin From Net: NetName=3V3 Pin=P2-5
Removed Pin From Net: NetName=5V Pin=R1-2
Removed Pin From Net: NetName=GND Pin=R5-2
Removed Pin From Net: NetName=5V Pin=R6-2
Removed Pin From Net: NetName=GND Pin=R7-1
Removed Pin From Net: NetName=3V3 Pin=R9-2
Removed Pin From Net: NetName=GND Pin=R10-1
Removed Pin From Net: NetName=NetPINK1_1 Pin=R11-1
Removed Pin From Net: NetName=GND Pin=R12-2
Removed Pin From Net: NetName=GND Pin=R15-2
Removed Pin From Net: NetName=USBIN_N Pin=R16-2
Removed Pin From Net: NetName=GND Pin=R17-1
Removed Pin From Net: NetName=3V3 Pin=R18-2
Removed Pin From Net: NetName=3V3 Pin=R19-2
Removed Pin From Net: NetName=3V3 Pin=R20-1
Removed Pin From Net: NetName=3V3 Pin=R21-2
Removed Pin From Net: NetName=NetR9_1 Pin=RED1-1
Removed Pin From Net: NetName=NetC1_2 Pin=SW1-1
Removed Pin From Net: NetName=NetC2_2 Pin=SW2-1
Removed Pin From Net: NetName=NetC10_2 Pin=SW5-1
Removed Pin From Net: NetName=NetC22_2 Pin=SW13-1
Removed Pin From Net: NetName=NetC23_2 Pin=SW14-1
Removed Pin From Net: NetName=NetC24_2 Pin=SW15-1
Removed Pin From Net: NetName=NetC25_2 Pin=SW16-1
Removed Pin From Net: NetName=GND Pin=SW17-1
Removed Pin From Net: NetName=GND Pin=U1-2
Removed Pin From Net: NetName=5V Pin=U2-1
Removed Pin From Net: NetName=GND Pin=U2-2
Removed Pin From Net: NetName=5V Pin=U2-3
Removed Pin From Net: NetName=NetC21_2 Pin=U2-4
Removed Pin From Net: NetName=3V3 Pin=U2-5
Removed Pin From Net: NetName=GND Pin=U3-1
Removed Pin From Net: NetName=GND Pin=U3-3
Removed Pin From Net: NetName=Green Pin=U3-6
Removed Pin From Net: NetName=5V Pin=U3-8
Removed Pin From Net: NetName=GND Pin=U3-9
Removed Pin From Net: NetName=3V3 Pin=U5-1
Removed Pin From Net: NetName=GND Pin=U5-8
Removed Pin From Net: NetName=3V3 Pin=U5-9
Removed Pin From Net: NetName=GND Pin=U5-23
Removed Pin From Net: NetName=3V3 Pin=U5-24
Removed Pin From Net: NetName=GND Pin=U5-35
Removed Pin From Net: NetName=3V3 Pin=U5-36
Removed Pin From Net: NetName=GND Pin=U5-47
Removed Pin From Net: NetName=3V3 Pin=U5-48
Removed Pin From Net: NetName=3V3 Pin=U6-1
Removed Pin From Net: NetName=GND Pin=U6-2
Removed Member From Class: ClassName=NumPad Member=C1
Removed Member From Class: ClassName=NumPad Member=C2
Removed Member From Class: ClassName=NumPad Member=C3
Removed Member From Class: ClassName=NumPad Member=C4
Removed Member From Class: ClassName=NumPad Member=C5
Removed Member From Class: ClassName=NumPad Member=C6
Removed Member From Class: ClassName=NumPad Member=C7
Removed Member From Class: ClassName=NumPad Member=C8
Removed Member From Class: ClassName=NumPad Member=C9
Removed Member From Class: ClassName=NumPad Member=C10
Removed Member From Class: ClassName=NumPad Member=C11
Removed Member From Class: ClassName=NumPad Member=C12
Removed Member From Class: ClassName=NumPad Member=C13
Removed Member From Class: ClassName=NumPad Member=C14
Removed Member From Class: ClassName=NumPad Member=C15
Removed Member From Class: ClassName=NumPad Member=C16
Removed Member From Class: ClassName=NumPad Member=C17
Removed Member From Class: ClassName=NumPad Member=C34
Removed Member From Class: ClassName=NumPad Member=C35
Removed Member From Class: ClassName=NumPad Member=C36
Removed Member From Class: ClassName=NumPad Member=C37
Removed Member From Class: ClassName=NumPad Member=C38
Removed Member From Class: ClassName=NumPad Member=C39
Removed Member From Class: ClassName=NumPad Member=C40
Removed Member From Class: ClassName=NumPad Member=C41
Removed Member From Class: ClassName=NumPad Member=C42
Removed Member From Class: ClassName=NumPad Member=C43
Removed Member From Class: ClassName=NumPad Member=C44
Removed Member From Class: ClassName=NumPad Member=C45
Removed Member From Class: ClassName=NumPad Member=C46
Removed Member From Class: ClassName=NumPad Member=C47
Removed Member From Class: ClassName=NumPad Member=C48
Removed Member From Class: ClassName=NumPad Member=C49
Removed Member From Class: ClassName=NumPad Member=C50
Removed Member From Class: ClassName=NumPad Member=C51
Removed Member From Class: ClassName=NumPad Member=C52
Removed Member From Class: ClassName=NumPad Member=C53
Removed Member From Class: ClassName=NumPad Member=C54
Removed Member From Class: ClassName=NumPad Member=C55
Removed Member From Class: ClassName=NumPad Member=C56
Removed Member From Class: ClassName=NumPad Member=C57
Removed Member From Class: ClassName=NumPad Member=D17
Removed Member From Class: ClassName=NumPad Member=D18
Removed Member From Class: ClassName=NumPad Member=D19
Removed Member From Class: ClassName=NumPad Member=D20
Removed Member From Class: ClassName=NumPad Member=D21
Removed Member From Class: ClassName=NumPad Member=D22
Removed Member From Class: ClassName=NumPad Member=D23
Removed Member From Class: ClassName=NumPad Member=D24
Removed Member From Class: ClassName=NumPad Member=D25
Removed Member From Class: ClassName=NumPad Member=D26
Removed Member From Class: ClassName=NumPad Member=D27
Removed Member From Class: ClassName=NumPad Member=D28
Removed Member From Class: ClassName=NumPad Member=D29
Removed Member From Class: ClassName=NumPad Member=D30
Removed Member From Class: ClassName=NumPad Member=D31
Removed Member From Class: ClassName=NumPad Member=D32
Removed Member From Class: ClassName=NumPad Member=D33
Removed Member From Class: ClassName=NumPad Member=D34
Removed Member From Class: ClassName=NumPad Member=D35
Removed Member From Class: ClassName=NumPad Member=K1
Removed Member From Class: ClassName=NumPad Member=L1
Removed Member From Class: ClassName=NumPad Member=L2
Removed Member From Class: ClassName=NumPad Member=L3
Removed Member From Class: ClassName=NumPad Member=OLED1
Removed Member From Class: ClassName=NumPad Member=P1
Removed Member From Class: ClassName=NumPad Member=P2
Removed Member From Class: ClassName=NumPad Member=PINK1
Removed Member From Class: ClassName=NumPad Member=R1
Removed Member From Class: ClassName=NumPad Member=R2
Removed Member From Class: ClassName=NumPad Member=R3
Removed Member From Class: ClassName=NumPad Member=R4
Removed Member From Class: ClassName=NumPad Member=R5
Removed Member From Class: ClassName=NumPad Member=R6
Removed Member From Class: ClassName=NumPad Member=R7
Removed Member From Class: ClassName=NumPad Member=R8
Removed Member From Class: ClassName=NumPad Member=R9
Removed Member From Class: ClassName=NumPad Member=R10
Removed Member From Class: ClassName=NumPad Member=R11
Removed Member From Class: ClassName=NumPad Member=R12
Removed Member From Class: ClassName=NumPad Member=R13
Removed Member From Class: ClassName=NumPad Member=R14
Removed Member From Class: ClassName=NumPad Member=R15
Removed Member From Class: ClassName=NumPad Member=R16
Removed Member From Class: ClassName=NumPad Member=R17
Removed Member From Class: ClassName=NumPad Member=R18
Removed Member From Class: ClassName=NumPad Member=R19
Removed Member From Class: ClassName=NumPad Member=R20
Removed Member From Class: ClassName=NumPad Member=R21
Removed Member From Class: ClassName=NumPad Member=RED1
Removed Member From Class: ClassName=NumPad Member=S1
Removed Member From Class: ClassName=NumPad Member=SW17
Removed Member From Class: ClassName=NumPad Member=U1
Removed Member From Class: ClassName=NumPad Member=U2
Removed Member From Class: ClassName=NumPad Member=U3
Removed Member From Class: ClassName=NumPad Member=U4
Removed Member From Class: ClassName=NumPad Member=U5
Removed Member From Class: ClassName=NumPad Member=U6
Removed Member From Class: ClassName=NumPad Member=X1
Removed Member From Class: ClassName=NumPad Member=XH1
Change Component Footprint: Designator=C4 Old Footprint=Cap-0603 New Footprint=Cap-0805
Change Component Footprint: Designator=C34 Old Footprint=Cap-0603 New Footprint=Cap-0805
Change Component Footprint: Designator=C38 Old Footprint=Cap-0603 New Footprint=Cap-0805
Change Component Footprint: Designator=C40 Old Footprint=Cap-0603 New Footprint=Cap-0805
Change Component Footprint: Designator=C42 Old Footprint=Cap-0603 New Footprint=Cap-0805
Change Component Footprint: Designator=C7 Old Footprint=Cap-0805 New Footprint=Cap-0603
Change Component Footprint: Designator=C9 Old Footprint=Cap-0805 New Footprint=Cap-0603
Change Component Footprint: Designator=C19 Old Footprint=Cap-0805 New Footprint=Cap-0603
Change Component Footprint: Designator=C46 Old Footprint=Cap-0805 New Footprint=Cap-0603
Change Component Footprint: Designator=C5 Old Footprint=CAPE_D_6.3X6.6X5.4 New Footprint=Cap-0603
Change Component Footprint: Designator=D12 Old Footprint=Doide-SMA New Footprint=SOD-523
Change Component Footprint: Designator=P1 Old Footprint=Header 2.54X3 New Footprint=Header 2.54X6
Change Component Footprint: Designator=L1 Old Footprint=L-CDRH74R New Footprint=L-0603
Change Component Footprint: Designator=L2 Old Footprint=L-MHC0402 New Footprint=L-0603
Change Component Footprint: Designator=U6 Old Footprint=NRF24L01 New Footprint=TP4056
Change Component Footprint: Designator=X1 Old Footprint=OSC 5032-2P New Footprint=OSC 3225-4P
Change Component Footprint: Designator=D21 Old Footprint=RGB_LED_1206 New Footprint=Doide-SMA
Change Component Footprint: Designator=D23 Old Footprint=RGB_LED_1206 New Footprint=Doide-SMA
Change Component Footprint: Designator=D1 Old Footprint=RGB_LED_1206 New Footprint=SOD-523
Change Component Footprint: Designator=D2 Old Footprint=RGB_LED_1206 New Footprint=SOD-523
Change Component Footprint: Designator=D3 Old Footprint=RGB_LED_1206 New Footprint=SOD-523
Change Component Footprint: Designator=D4 Old Footprint=RGB_LED_1206 New Footprint=SOD-523
Change Component Footprint: Designator=D9 Old Footprint=RGB_LED_1206 New Footprint=SOD-523
Change Component Footprint: Designator=D10 Old Footprint=RGB_LED_1206 New Footprint=SOD-523
Change Component Footprint: Designator=D11 Old Footprint=RGB_LED_1206 New Footprint=SOD-523
Change Component Footprint: Designator=D13 Old Footprint=RGB_LED_1206 New Footprint=SOD-523
Change Component Footprint: Designator=D14 Old Footprint=RGB_LED_1206 New Footprint=SOD-523
Change Component Footprint: Designator=D15 Old Footprint=RGB_LED_1206 New Footprint=SOD-523
Change Component Footprint: Designator=D16 Old Footprint=RGB_LED_1206 New Footprint=SOD-523
Change Component Footprint: Designator=D22 Old Footprint=RGB_LED_1206 New Footprint=SOD-523
Change Component Footprint: Designator=D17 Old Footprint=SOD-523 New Footprint=RGB_LED_1206
Change Component Footprint: Designator=D18 Old Footprint=SOD-523 New Footprint=RGB_LED_1206
Change Component Footprint: Designator=D19 Old Footprint=SOD-523 New Footprint=RGB_LED_1206
Change Component Footprint: Designator=D20 Old Footprint=SOD-523 New Footprint=RGB_LED_1206
Change Component Footprint: Designator=U4 Old Footprint=SOT23-5 New Footprint=SX1308
Change Component Footprint: Designator=U5 Old Footprint=STM32F103C8T6 New Footprint=SOT23-5
Change Component Footprint: Designator=U1 Old Footprint=SX1308 New Footprint=QFN20 4x4
Change Component Footprint: Designator=U3 Old Footprint=TP4056 New Footprint=STM32F103C8T6
Change Component Footprint: Designator=L3 Old Footprint=USB3.0-TYPEC-12P New Footprint=L-0603
Change Component Comment : Designator=SW3 Old Comment=* New Comment=-
Change Component Comment : Designator=SW8 Old Comment=+ New Comment=6
Change Component Comment : Designator=SW4 Old Comment=- New Comment=+
Change Component Comment : Designator=SW16 Old Comment=. New Comment=Enter
Change Component Comment : Designator=SW2 Old Comment=/ New Comment=*
Change Component Comment : Designator=SW17 Old Comment=0 New Comment=Num
Change Component Comment : Designator=R8 Old Comment=1.3M New Comment=10K/1%
Change Component Comment : Designator=R6 Old Comment=1K New Comment=4.7K
Change Component Comment : Designator=D17 Old Comment=1N4148 New Comment=WS2812
Change Component Comment : Designator=D18 Old Comment=1N4148 New Comment=WS2812
Change Component Comment : Designator=D19 Old Comment=1N4148 New Comment=WS2812
Change Component Comment : Designator=D20 Old Comment=1N4148 New Comment=WS2812
Change Component Comment : Designator=SW14 Old Comment=2 New Comment=0
Change Component Comment : Designator=SW15 Old Comment=3 New Comment=.
Change Component Comment : Designator=R9 Old Comment=4.7K New Comment=73.2K/1%
Change Component Comment : Designator=C46 Old Comment=4.7uF New Comment=104
Change Component Comment : Designator=L1 Old Comment=4.7uH New Comment=3.9nH
Change Component Comment : Designator=R20 Old Comment=4K7 New Comment=1K
Change Component Comment : Designator=R18 Old Comment=4K7 New Comment=5K1
Change Component Comment : Designator=R5 Old Comment=4K7 New Comment=10K
Change Component Comment : Designator=R19 Old Comment=4K7 New Comment=100K
Change Component Comment : Designator=R17 Old Comment=5K1 New Comment=2K
Change Component Comment : Designator=SW11 Old Comment=6 New Comment=2
Change Component Comment : Designator=X1 Old Comment=8M New Comment=XTAL-4P
Change Component Comment : Designator=R2 Old Comment=10K New Comment=0R
Change Component Comment : Designator=R12 Old Comment=10K New Comment=10K/1%
Change Component Comment : Designator=R3 Old Comment=10K/1% New Comment=0R
Change Component Comment : Designator=C21 Old Comment=10nf New Comment=104
Change Component Comment : Designator=L2 Old Comment=10uH New Comment=8.2nH
Change Component Comment : Designator=C47 Old Comment=22pF New Comment=104
Change Component Comment : Designator=R16 Old Comment=22R New Comment=10K
Change Component Comment : Designator=C7 Old Comment=22uF New Comment=2.2nF
Change Component Comment : Designator=C9 Old Comment=22uF New Comment=12pF
Change Component Comment : Designator=C19 Old Comment=22uF New Comment=104
Change Component Comment : Designator=R1 Old Comment=73.2K/1% New Comment=22K 1%
Change Component Comment : Designator=R7 Old Comment=100K/1% New Comment=10K/1%
Change Component Comment : Designator=R4 Old Comment=100K/1% New Comment=10K
Change Component Comment : Designator=C5 Old Comment=100uF New Comment=10nF
Change Component Comment : Designator=C2 Old Comment=104 New Comment=1.5pFP
Change Component Comment : Designator=C6 Old Comment=104 New Comment=1nF
Change Component Comment : Designator=C3 Old Comment=104 New Comment=1pF
Change Component Comment : Designator=C8 Old Comment=104 New Comment=4.7nF
Change Component Comment : Designator=C44 Old Comment=104 New Comment=10nf
Change Component Comment : Designator=C10 Old Comment=104 New Comment=12pF
Change Component Comment : Designator=C11 Old Comment=104 New Comment=22pF
Change Component Comment : Designator=C12 Old Comment=104 New Comment=22pF
Change Component Comment : Designator=C4 Old Comment=104 New Comment=22uF
Change Component Comment : Designator=C34 Old Comment=104 New Comment=22uF
Change Component Comment : Designator=C38 Old Comment=104 New Comment=22uF
Change Component Comment : Designator=C40 Old Comment=104 New Comment=22uF
Change Component Comment : Designator=C42 Old Comment=104 New Comment=22uF
Change Component Comment : Designator=C1 Old Comment=104 New Comment=33nF
Change Component Comment : Designator=R10 Old Comment=205K New Comment=10K
Change Component Comment : Designator=R15 Old Comment=620K New Comment=22R
Change Component Comment : Designator=SW12 Old Comment=Enter New Comment=3
Change Component Comment : Designator=P1 Old Comment=LED New Comment=Debug_Header
Change Component Comment : Designator=L3 Old Comment=Micro-USB3.1_TYPE-C New Comment=2.7nH
Change Component Comment : Designator=U6 Old Comment=NRF24L01 New Comment=TP4056
Change Component Comment : Designator=SW1 Old Comment=Num New Comment=/
Change Component Comment : Designator=D12 Old Comment=SS34 New Comment=1N4148
Change Component Comment : Designator=U5 Old Comment=STM32F103C8T6 New Comment=SPX3819
Change Component Comment : Designator=U1 Old Comment=SX1308 New Comment=SI24R1
Change Component Comment : Designator=U3 Old Comment=TP4056 New Comment=STM32F103C8T6
Change Component Comment : Designator=U4 Old Comment=TPS61040DBV New Comment=SX1308
Change Component Comment : Designator=D1 Old Comment=WS2812 New Comment=1N4148
Change Component Comment : Designator=D2 Old Comment=WS2812 New Comment=1N4148
Change Component Comment : Designator=D3 Old Comment=WS2812 New Comment=1N4148
Change Component Comment : Designator=D4 Old Comment=WS2812 New Comment=1N4148
Change Component Comment : Designator=D9 Old Comment=WS2812 New Comment=1N4148
Change Component Comment : Designator=D10 Old Comment=WS2812 New Comment=1N4148
Change Component Comment : Designator=D11 Old Comment=WS2812 New Comment=1N4148
Change Component Comment : Designator=D13 Old Comment=WS2812 New Comment=1N4148
Change Component Comment : Designator=D14 Old Comment=WS2812 New Comment=1N4148
Change Component Comment : Designator=D15 Old Comment=WS2812 New Comment=1N4148
Change Component Comment : Designator=D16 Old Comment=WS2812 New Comment=1N4148
Change Component Comment : Designator=D22 Old Comment=WS2812 New Comment=1N4148
Change Component Comment : Designator=D21 Old Comment=WS2812 New Comment=SS34
Change Component Comment : Designator=D23 Old Comment=WS2812 New Comment=SS34
Change component parameters: Designator = "D1" ("D1"); Footprint = "RGB_LED_1206"; UniqueID = "\ACMBWCDI" ("\ACMBWCDI")
Change component parameters: Designator = "D2" ("D2"); Footprint = "RGB_LED_1206"; UniqueID = "\XGWIRIND" ("\XGWIRIND")
Change component parameters: Designator = "D3" ("D3"); Footprint = "RGB_LED_1206"; UniqueID = "\ZTTCLALZ" ("\ZTTCLALZ")
Change component parameters: Designator = "D4" ("D4"); Footprint = "RGB_LED_1206"; UniqueID = "\VOLXXZQT" ("\VOLXXZQT")
Change component parameters: Designator = "D9" ("D9"); Footprint = "RGB_LED_1206"; UniqueID = "\WLZWVQTR" ("\WLZWVQTR")
Change component parameters: Designator = "D10" ("D10"); Footprint = "RGB_LED_1206"; UniqueID = "\VABQUZEV" ("\VABQUZEV")
Change component parameters: Designator = "D11" ("D11"); Footprint = "RGB_LED_1206"; UniqueID = "\JTZVRPCB" ("\JTZVRPCB")
Change component parameters: Designator = "D13" ("D13"); Footprint = "RGB_LED_1206"; UniqueID = "\ZLYATIFH" ("\ZLYATIFH")
Change component parameters: Designator = "D14" ("D14"); Footprint = "RGB_LED_1206"; UniqueID = "\SCFMDVAH" ("\SCFMDVAH")
Change component parameters: Designator = "D15" ("D15"); Footprint = "RGB_LED_1206"; UniqueID = "\LMCGRVNI" ("\LMCGRVNI")
Change component parameters: Designator = "D16" ("D16"); Footprint = "RGB_LED_1206"; UniqueID = "\KELSYKVZ" ("\KELSYKVZ")
Change component parameters: Designator = "D17" ("D17"); Footprint = "SOD-523"; UniqueID = "\YTZYZXGF" ("\YTZYZXGF")
Change component parameters (AddParameter): Name = "PackageReference"; Value = "RGB_LED_5050"; VariantName = "[No Variations]"
Change component parameters (AddParameter): Name = "Published"; Value = "8-August-2017"; VariantName = "[No Variations]"
Change component parameters (AddParameter): Name = "Publisher"; Value = "mazhongwei"; VariantName = "[No Variations]"
Change component parameters: Designator = "D18" ("D18"); Footprint = "SOD-523"; UniqueID = "\CLEPEFMT" ("\CLEPEFMT")
Change component parameters (AddParameter): Name = "PackageReference"; Value = "RGB_LED_5050"; VariantName = "[No Variations]"
Change component parameters (AddParameter): Name = "Published"; Value = "8-August-2017"; VariantName = "[No Variations]"
Change component parameters (AddParameter): Name = "Publisher"; Value = "mazhongwei"; VariantName = "[No Variations]"
Change component parameters: Designator = "D19" ("D19"); Footprint = "SOD-523"; UniqueID = "\QYUTLGXU" ("\QYUTLGXU")
Change component parameters (AddParameter): Name = "PackageReference"; Value = "RGB_LED_5050"; VariantName = "[No Variations]"
Change component parameters (AddParameter): Name = "Published"; Value = "8-August-2017"; VariantName = "[No Variations]"
Change component parameters (AddParameter): Name = "Publisher"; Value = "mazhongwei"; VariantName = "[No Variations]"
Change component parameters: Designator = "D20" ("D20"); Footprint = "SOD-523"; UniqueID = "\XFHJCNVU" ("\XFHJCNVU")
Change component parameters (AddParameter): Name = "PackageReference"; Value = "RGB_LED_5050"; VariantName = "[No Variations]"
Change component parameters (AddParameter): Name = "Published"; Value = "8-August-2017"; VariantName = "[No Variations]"
Change component parameters (AddParameter): Name = "Publisher"; Value = "mazhongwei"; VariantName = "[No Variations]"
Change component parameters: Designator = "D21" ("D21"); Footprint = "RGB_LED_1206"; UniqueID = "\GGQFKAZE" ("\GGQFKAZE")
Change component parameters: Designator = "D22" ("D22"); Footprint = "RGB_LED_1206"; UniqueID = "\VQVTYFRK" ("\VQVTYFRK")
Change component parameters: Designator = "D23" ("D23"); Footprint = "RGB_LED_1206"; UniqueID = "\NSJCQGMX" ("\NSJCQGMX")
Change component parameters: Designator = "U3" ("U3"); Footprint = "TP4056"; UniqueID = "\JEIKPVGT" ("\JEIKPVGT")
Change component parameters (AddParameter): Name = "A/D Converter"; Value = "2x12-bit (10 Channel)"; VariantName = "[No Variations]"
Change component parameters (AddParameter): Name = "ComponentLink1Description"; Value = "Manufacturer URL"; VariantName = "[No Variations]"
Change component parameters (AddParameter): Name = "ComponentLink1URL"; Value = "http://www.st.com/web/en/home.html"; VariantName = "[No Variations]"
Change component parameters (AddParameter): Name = "ComponentLink2Description"; Value = "Datasheet"; VariantName = "[No Variations]"
Change component parameters (AddParameter): Name = "ComponentLink2URL"; Value = "http://www.st.com/st-web-ui/static/active/en/resource/technical/document/datasheet/CD00161566.pdf"; VariantName = "[No Variations]"
Change component parameters (AddParameter): Name = "ComponentLink3Description"; Value = "Package Specification"; VariantName = "[No Variations]"
Change component parameters (AddParameter): Name = "ComponentLink3URL"; Value = "http://www.st.com/st-web-ui/static/active/en/resource/technical/document/datasheet/DM00058181.pdf"; VariantName = "[No Variations]"
Change component parameters (AddParameter): Name = "Core"; Value = "ARM Cortex-M3"; VariantName = "[No Variations]"
Change component parameters (AddParameter): Name = "DatasheetVersion"; Value = "Rev. 16"; VariantName = "[No Variations]"
Change component parameters (AddParameter): Name = "FLASH Size (Prog) (kB)"; Value = "64"; VariantName = "[No Variations]"
Change component parameters (AddParameter): Name = "I/Os (High Current)"; Value = "37"; VariantName = "[No Variations]"
Change component parameters (AddParameter): Name = "Internal RAM Size (kB)"; Value = "20"; VariantName = "[No Variations]"
Change component parameters (AddParameter): Name = "Mounting Technology"; Value = "Surface Mount"; VariantName = "[No Variations]"
Change component parameters (AddParameter): Name = "Operating Frequency(F) (Processor speed) (MHz)"; Value = "72"; VariantName = "[No Variations]"
Change component parameters (AddParameter): Name = "PackageDescription"; Value = "48-Pin Low Profile Quad Flat Package, 7 x 7 mm Body, 0.5 mm Pitch"; VariantName = "[No Variations]"
Change component parameters (AddParameter): Name = "PackageReference"; Value = "LQFP48"; VariantName = "[No Variations]"
Change component parameters (AddParameter): Name = "PackageVersion"; Value = "Rev. 6, 06/2013"; VariantName = "[No Variations]"
Change component parameters (AddParameter): Name = "Packing"; Value = "Tray"; VariantName = "[No Variations]"
Change component parameters (AddParameter): Name = "PartNumber"; Value = "STM32F103C8T6"; VariantName = "[No Variations]"
Change component parameters (AddParameter): Name = "Supplier 1"; Value = "Digi-Key"; VariantName = "[No Variations]"
Change component parameters (AddParameter): Name = "Supplier 2"; Value = "Farnell"; VariantName = "[No Variations]"
Change component parameters (AddParameter): Name = "Supplier 3"; Value = "Newark"; VariantName = "[No Variations]"
Change component parameters (AddParameter): Name = "Supplier 4"; Value = "Newark"; VariantName = "[No Variations]"
Change component parameters (AddParameter): Name = "Supplier 5"; Value = "Mouser"; VariantName = "[No Variations]"
Change component parameters (AddParameter): Name = "Supplier Part Number 1"; Value = "497-6063-ND"; VariantName = "[No Variations]"
Change component parameters (AddParameter): Name = "Supplier Part Number 2"; Value = "1447637"; VariantName = "[No Variations]"
Change component parameters (AddParameter): Name = "Supplier Part Number 3"; Value = "59M2182"; VariantName = "[No Variations]"
Change component parameters (AddParameter): Name = "Supplier Part Number 4"; Value = "57P1222"; VariantName = "[No Variations]"
Change component parameters (AddParameter): Name = "Supplier Part Number 5"; Value = "511-STM32F103C8T6"; VariantName = "[No Variations]"
Change component parameters (AddParameter): Name = "Supply Voltage(Vcc) min (V)"; Value = "2"; VariantName = "[No Variations]"
Change component parameters: Designator = "U5" ("U5"); Footprint = "STM32F103C8T6"; UniqueID = "\NSDVCKBI" ("\NSDVCKBI")
Added Component: Designator=E1(AN2051-245)
Add component (AddParameter): Name = "PackageReference"; Value = "R_1206"; VariantName = "[No Variations]"
Add component (AddParameter): Name = "Published"; Value = "12-August-2017"; VariantName = "[No Variations]"
Add component (AddParameter): Name = "Publisher"; Value = "mazhongwei"; VariantName = "[No Variations]"
Added Component: Designator=L4(L-MHC0603)
Added Component: Designator=L5(USB3.0-TYPEC-12P)
Added Component: Designator=Q1(SOT23-3)
Add component (AddParameter): Name = "LatestRevisionDate"; Value = "17-Jul-2002"; VariantName = "[No Variations]"
Add component (AddParameter): Name = "LatestRevisionNote"; Value = "Re-released for DXP Platform."; VariantName = "[No Variations]"
Add component (AddParameter): Name = "PackageDocument"; Value = "1995/1996"; VariantName = "[No Variations]"
Add component (AddParameter): Name = "PackageReference"; Value = "E3"; VariantName = "[No Variations]"
Add component (AddParameter): Name = "Published"; Value = "8-Jun-2000"; VariantName = "[No Variations]"
Add component (AddParameter): Name = "Publisher"; Value = "Altium Limited"; VariantName = "[No Variations]"
Added Component: Designator=Q2(SOT23-3)
Add component (AddParameter): Name = "LatestRevisionDate"; Value = "17-Jul-2002"; VariantName = "[No Variations]"
Add component (AddParameter): Name = "LatestRevisionNote"; Value = "Re-released for DXP Platform."; VariantName = "[No Variations]"
Add component (AddParameter): Name = "PackageDocument"; Value = "1995/1996"; VariantName = "[No Variations]"
Add component (AddParameter): Name = "PackageReference"; Value = "E3"; VariantName = "[No Variations]"
Add component (AddParameter): Name = "Published"; Value = "8-Jun-2000"; VariantName = "[No Variations]"
Add component (AddParameter): Name = "Publisher"; Value = "Altium Limited"; VariantName = "[No Variations]"
Added Component: Designator=Q3(SOT23-3)
Add component (AddParameter): Name = "LatestRevisionDate"; Value = "17-Jul-2002"; VariantName = "[No Variations]"
Add component (AddParameter): Name = "LatestRevisionNote"; Value = "Re-released for DXP Platform."; VariantName = "[No Variations]"
Add component (AddParameter): Name = "PackageDocument"; Value = "1995/1996"; VariantName = "[No Variations]"
Add component (AddParameter): Name = "PackageReference"; Value = "E3"; VariantName = "[No Variations]"
Add component (AddParameter): Name = "Published"; Value = "8-Jun-2000"; VariantName = "[No Variations]"
Add component (AddParameter): Name = "Publisher"; Value = "Altium Limited"; VariantName = "[No Variations]"
Added Component: Designator=R22(Res-1812)
Added Component: Designator=X2(OSC 5032-2P)
Added Pin To Net: NetName=GND Pin=C4-2
Added Pin To Net: NetName=GND Pin=C5-1
Added Pin To Net: NetName=GND Pin=C11-1
Added Pin To Net: NetName=GND Pin=C12-1
Added Pin To Net: NetName=GND Pin=C13-1
Added Pin To Net: NetName=3V3 Pin=C13-2
Added Pin To Net: NetName=GND Pin=C14-1
Added Pin To Net: NetName=3V3 Pin=C14-2
Added Pin To Net: NetName=GND Pin=C15-1
Added Pin To Net: NetName=3V3 Pin=C15-2
Added Pin To Net: NetName=GND Pin=C16-1
Added Pin To Net: NetName=3V3 Pin=C16-2
Added Pin To Net: NetName=GND Pin=C17-1
Added Pin To Net: NetName=OUT1 Pin=C18-1
Added Pin To Net: NetName=OUT2 Pin=C19-1
Added Pin To Net: NetName=OUT3 Pin=C20-1
Added Pin To Net: NetName=OUT4 Pin=C21-1
Added Pin To Net: NetName=OUT1 Pin=C26-1
Added Pin To Net: NetName=OUT2 Pin=C27-1
Added Pin To Net: NetName=OUT3 Pin=C28-1
Added Pin To Net: NetName=OUT4 Pin=C29-1
Added Pin To Net: NetName=OUT1 Pin=C30-1
Added Pin To Net: NetName=OUT2 Pin=C31-1
Added Pin To Net: NetName=OUT3 Pin=C32-1
Added Pin To Net: NetName=OUT4 Pin=C33-1
Added Pin To Net: NetName=3V3 Pin=C42-2
Added Pin To Net: NetName=3V3 Pin=C43-1
Added Pin To Net: NetName=GND Pin=C43-2
Added Pin To Net: NetName=GND Pin=C47-1
Added Pin To Net: NetName=NetC21_2 Pin=D4-A
Added Pin To Net: NetName=NetC22_2 Pin=D5-A
Added Pin To Net: NetName=NetC23_2 Pin=D6-A
Added Pin To Net: NetName=NetC24_2 Pin=D7-A
Added Pin To Net: NetName=NetC25_2 Pin=D8-A
Added Pin To Net: NetName=GND Pin=D17-1
Added Pin To Net: NetName=5V Pin=D17-3
Added Pin To Net: NetName=GND Pin=D18-2
Added Pin To Net: NetName=5V Pin=D18-3
Added Pin To Net: NetName=GND Pin=D19-1
Added Pin To Net: NetName=5V Pin=D19-3
Added Pin To Net: NetName=GND Pin=D19-4
Added Pin To Net: NetName=GND Pin=D20-1
Added Pin To Net: NetName=5V Pin=D20-3
Added Pin To Net: NetName=5V Pin=D21-K
Added Pin To Net: NetName=Green Pin=D22-K
Added Pin To Net: NetName=NetC2_2 Pin=L1-2
Added Pin To Net: NetName=GND Pin=L5-A1B12
Added Pin To Net: NetName=USBIN_P Pin=L5-A6
Added Pin To Net: NetName=USBIN_N Pin=L5-A7
Added Pin To Net: NetName=GND Pin=L5-B1A12
Added Pin To Net: NetName=USBIN_P Pin=L5-B6
Added Pin To Net: NetName=USBIN_N Pin=L5-B7
Added Pin To Net: NetName=GND Pin=P1-4
Added Pin To Net: NetName=3V3 Pin=P1-5
Added Pin To Net: NetName=GND Pin=Q3-2
Added Pin To Net: NetName=3V3 Pin=R2-1
Added Pin To Net: NetName=GND Pin=R4-2
Added Pin To Net: NetName=3V3 Pin=R5-2
Added Pin To Net: NetName=NetPINK1_1 Pin=R6-1
Added Pin To Net: NetName=GND Pin=R8-1
Added Pin To Net: NetName=5V Pin=R9-2
Added Pin To Net: NetName=3V3 Pin=R11-2
Added Pin To Net: NetName=GND Pin=R12-1
Added Pin To Net: NetName=NetR9_1 Pin=R12-2
Added Pin To Net: NetName=USBIN_N Pin=R15-2
Added Pin To Net: NetName=GND Pin=R16-2
Added Pin To Net: NetName=GND Pin=R17-2
Added Pin To Net: NetName=GND Pin=R18-1
Added Pin To Net: NetName=GND Pin=R21-2
Added Pin To Net: NetName=NetC21_2 Pin=SW4-1
Added Pin To Net: NetName=NetC22_2 Pin=SW5-1
Added Pin To Net: NetName=NetC23_2 Pin=SW6-1
Added Pin To Net: NetName=NetC24_2 Pin=SW7-1
Added Pin To Net: NetName=NetC25_2 Pin=SW8-1
Added Pin To Net: NetName=GND Pin=SW17-2
Added Pin To Net: NetName=NetC10_2 Pin=U1-10
Added Pin To Net: NetName=NetC1_2 Pin=U1-19
Added Pin To Net: NetName=3V3 Pin=U3-1
Added Pin To Net: NetName=GND Pin=U3-8
Added Pin To Net: NetName=3V3 Pin=U3-9
Added Pin To Net: NetName=GND Pin=U3-23
Added Pin To Net: NetName=3V3 Pin=U3-24
Added Pin To Net: NetName=GND Pin=U3-35
Added Pin To Net: NetName=3V3 Pin=U3-36
Added Pin To Net: NetName=GND Pin=U3-47
Added Pin To Net: NetName=3V3 Pin=U3-48
Added Pin To Net: NetName=NetR9_1 Pin=U4-3
Added Pin To Net: NetName=5V Pin=U5-1
Added Pin To Net: NetName=GND Pin=U5-2
Added Pin To Net: NetName=5V Pin=U5-3
Added Pin To Net: NetName=3V3 Pin=U5-5
Added Pin To Net: NetName=GND Pin=U6-1
Added Pin To Net: NetName=GND Pin=U6-3
Added Pin To Net: NetName=Green Pin=U6-6
Added Pin To Net: NetName=GND Pin=U6-9
Added Pin To Net: NetName=NetC10_2 Pin=X1-3
Change Net Name : Old Net Name=IN4 New Net Name=IN3_KEYPAD_MCU
Change Net Name : Old Net Name=OUT1 New Net Name=OUT1_MCU_KEYPAD
Change Net Name : Old Net Name=OUT2 New Net Name=OUT2_MCU_KEYPAD
Change Net Name : Old Net Name=OUT3 New Net Name=OUT3_MCU_KEYPAD
Change Net Name : Old Net Name=OUT4 New Net Name=OUT4_MCU_KEYPAD
Change Net Name : Old Net Name=PA6 New Net Name=Red
Added Pin To Net: NetName=ADC_BAT_MCU Pin=C36-2
Added Pin To Net: NetName=ADC_BAT_MCU Pin=R7-1
Added Pin To Net: NetName=ADC_BAT_MCU Pin=R8-2
Added Pin To Net: NetName=ADC_BAT_MCU Pin=U3-11
Added Net: Name=ADC_BAT_MCU
Added Pin To Net: NetName=BAT_IN Pin=C47-2
Added Pin To Net: NetName=BAT_IN Pin=Q2-3
Added Pin To Net: NetName=BAT_IN Pin=U6-5
Added Pin To Net: NetName=BAT_IN Pin=XH1-1
Added Net: Name=BAT_IN
Added Pin To Net: NetName=CHARGE_DETECT_TP4056_MCU Pin=C46-2
Added Pin To Net: NetName=CHARGE_DETECT_TP4056_MCU Pin=D22-A
Added Net: Name=CHARGE_DETECT_TP4056_MCU
Added Pin To Net: NetName=CHARGE_IN Pin=C45-2
Added Pin To Net: NetName=CHARGE_IN Pin=R22-2
Added Pin To Net: NetName=CHARGE_IN Pin=U6-4
Added Pin To Net: NetName=CHARGE_IN Pin=U6-8
Added Net: Name=CHARGE_IN
Added Pin To Net: NetName=DI_MCU_WS2812 Pin=D20-2
Added Net: Name=DI_MCU_WS2812
Added Pin To Net: NetName=GPIO_CE_MCU_NRF Pin=U1-1
Added Pin To Net: NetName=GPIO_CE_MCU_NRF Pin=U3-12
Added Net: Name=GPIO_CE_MCU_NRF
Added Pin To Net: NetName=GPIO_IRQ_NRF_MCU Pin=U1-6
Added Net: Name=GPIO_IRQ_NRF_MCU
Added Pin To Net: NetName=GPIO_IRQ_NRF_PA4 Pin=U3-14
Added Net: Name=GPIO_IRQ_NRF_PA4
Added Pin To Net: NetName=GPIO_MCU_LED Pin=R6-2
Added Net: Name=GPIO_MCU_LED
Added Pin To Net: NetName=IN1_KEYPAD_MCU Pin=D13-K
Added Pin To Net: NetName=IN1_KEYPAD_MCU Pin=D14-K
Added Pin To Net: NetName=IN1_KEYPAD_MCU Pin=D15-K
Added Pin To Net: NetName=IN1_KEYPAD_MCU Pin=D16-K
Added Net: Name=IN1_KEYPAD_MCU
Added Pin To Net: NetName=IN2_KEYPAD_MCU Pin=D9-K
Added Pin To Net: NetName=IN2_KEYPAD_MCU Pin=D10-K
Added Pin To Net: NetName=IN2_KEYPAD_MCU Pin=D11-K
Added Pin To Net: NetName=IN2_KEYPAD_MCU Pin=D12-K
Added Net: Name=IN2_KEYPAD_MCU
Added Pin To Net: NetName=IN4_KEYPAD_MCU Pin=D1-K
Added Pin To Net: NetName=IN4_KEYPAD_MCU Pin=D2-K
Added Pin To Net: NetName=IN4_KEYPAD_MCU Pin=D3-K
Added Pin To Net: NetName=IN4_KEYPAD_MCU Pin=D4-K
Added Net: Name=IN4_KEYPAD_MCU
Added Pin To Net: NetName=NetC2_1 Pin=C2-1
Added Pin To Net: NetName=NetC2_1 Pin=C3-2
Added Pin To Net: NetName=NetC2_1 Pin=E1-1
Added Net: Name=NetC2_1
Added Pin To Net: NetName=NetC7_2 Pin=C7-2
Added Pin To Net: NetName=NetC7_2 Pin=C8-2
Added Pin To Net: NetName=NetC7_2 Pin=L3-2
Added Pin To Net: NetName=NetC7_2 Pin=U1-11
Added Net: Name=NetC7_2
Added Pin To Net: NetName=NetC9_2 Pin=C9-2
Added Pin To Net: NetName=NetC9_2 Pin=U1-9
Added Pin To Net: NetName=NetC9_2 Pin=X1-1
Added Net: Name=NetC9_2
Added Pin To Net: NetName=NetC18_2 Pin=C18-2
Added Pin To Net: NetName=NetC18_2 Pin=D1-A
Added Pin To Net: NetName=NetC18_2 Pin=SW1-1
Added Net: Name=NetC18_2
Added Pin To Net: NetName=NetC19_2 Pin=C19-2
Added Pin To Net: NetName=NetC19_2 Pin=D2-A
Added Pin To Net: NetName=NetC19_2 Pin=SW2-1
Added Net: Name=NetC19_2
Added Pin To Net: NetName=NetC20_2 Pin=C20-2
Added Pin To Net: NetName=NetC20_2 Pin=D3-A
Added Pin To Net: NetName=NetC20_2 Pin=SW3-1
Added Net: Name=NetC20_2
Added Pin To Net: NetName=NetC26_2 Pin=C26-2
Added Pin To Net: NetName=NetC26_2 Pin=D9-A
Added Pin To Net: NetName=NetC26_2 Pin=SW9-1
Added Net: Name=NetC26_2
Added Pin To Net: NetName=NetC27_2 Pin=C27-2
Added Pin To Net: NetName=NetC27_2 Pin=D10-A
Added Pin To Net: NetName=NetC27_2 Pin=SW10-1
Added Net: Name=NetC27_2
Added Pin To Net: NetName=NetC28_2 Pin=C28-2
Added Pin To Net: NetName=NetC28_2 Pin=D11-A
Added Pin To Net: NetName=NetC28_2 Pin=SW11-1
Added Net: Name=NetC28_2
Added Pin To Net: NetName=NetC29_2 Pin=C29-2
Added Pin To Net: NetName=NetC29_2 Pin=D12-A
Added Pin To Net: NetName=NetC29_2 Pin=SW12-1
Added Net: Name=NetC29_2
Added Pin To Net: NetName=NetC30_2 Pin=C30-2
Added Pin To Net: NetName=NetC30_2 Pin=D13-A
Added Pin To Net: NetName=NetC30_2 Pin=SW13-1
Added Net: Name=NetC30_2
Added Pin To Net: NetName=NetC31_2 Pin=C31-2
Added Pin To Net: NetName=NetC31_2 Pin=D14-A
Added Pin To Net: NetName=NetC31_2 Pin=SW14-1
Added Net: Name=NetC31_2
Added Pin To Net: NetName=NetC32_2 Pin=C32-2
Added Pin To Net: NetName=NetC32_2 Pin=D15-A
Added Pin To Net: NetName=NetC32_2 Pin=SW15-1
Added Net: Name=NetC32_2
Added Pin To Net: NetName=NetC33_2 Pin=C33-2
Added Pin To Net: NetName=NetC33_2 Pin=D16-A
Added Pin To Net: NetName=NetC33_2 Pin=SW16-1
Added Net: Name=NetC33_2
Added Pin To Net: NetName=NetC44_2 Pin=C44-2
Added Pin To Net: NetName=NetC44_2 Pin=U5-4
Added Net: Name=NetC44_2
Added Pin To Net: NetName=NetD17_2 Pin=D17-2
Added Pin To Net: NetName=NetD17_2 Pin=D18-4
Added Net: Name=NetD17_2
Added Pin To Net: NetName=NetD19_2 Pin=D19-2
Added Pin To Net: NetName=NetD19_2 Pin=D20-4
Added Net: Name=NetD19_2
Added Pin To Net: NetName=NetD21_A Pin=D21-A
Added Pin To Net: NetName=NetD21_A Pin=L4-1
Added Pin To Net: NetName=NetD21_A Pin=U4-1
Added Net: Name=NetD21_A
Added Pin To Net: NetName=NetD23_K Pin=D23-K
Added Pin To Net: NetName=NetD23_K Pin=Q1-2
Added Pin To Net: NetName=NetD23_K Pin=Q2-2
Added Pin To Net: NetName=NetD23_K Pin=R19-1
Added Net: Name=NetD23_K
Added Pin To Net: NetName=NetD24_K Pin=D24-K
Added Pin To Net: NetName=NetD24_K Pin=D25-K
Added Pin To Net: NetName=NetD24_K Pin=SW17-1
Added Net: Name=NetD24_K
Added Pin To Net: NetName=NetD25_A Pin=D25-A
Added Pin To Net: NetName=NetD25_A Pin=Q1-1
Added Pin To Net: NetName=NetD25_A Pin=Q3-3
Added Pin To Net: NetName=NetD25_A Pin=R19-2
Added Net: Name=NetD25_A
Added Pin To Net: NetName=NetL1_1 Pin=L1-1
Added Pin To Net: NetName=NetL1_1 Pin=L2-2
Added Pin To Net: NetName=NetL1_1 Pin=U1-13
Added Net: Name=NetL1_1
Added Pin To Net: NetName=NetL2_1 Pin=L2-1
Added Pin To Net: NetName=NetL2_1 Pin=L3-1
Added Pin To Net: NetName=NetL2_1 Pin=U1-12
Added Net: Name=NetL2_1
Added Pin To Net: NetName=NetL5_A5 Pin=L5-A5
Added Pin To Net: NetName=NetL5_A5 Pin=L5-B5
Added Pin To Net: NetName=NetL5_A5 Pin=R18-2
Added Net: Name=NetL5_A5
Added Pin To Net: NetName=NetQ3_1 Pin=Q3-1
Added Pin To Net: NetName=NetQ3_1 Pin=R20-2
Added Net: Name=NetQ3_1
Added Pin To Net: NetName=NetR1_2 Pin=R1-2
Added Pin To Net: NetName=NetR1_2 Pin=U1-16
Added Net: Name=NetR1_2
Added Pin To Net: NetName=NetR4_1 Pin=R4-1
Added Pin To Net: NetName=NetR4_1 Pin=U3-44
Added Net: Name=NetR4_1
Added Pin To Net: NetName=NetR10_2 Pin=R10-2
Added Pin To Net: NetName=NetR10_2 Pin=U4-4
Added Net: Name=NetR10_2
Added Pin To Net: NetName=NetR11_1 Pin=R11-1
Added Pin To Net: NetName=NetR11_1 Pin=RED1-1
Added Net: Name=NetR11_1
Added Pin To Net: NetName=NetR17_1 Pin=R17-1
Added Pin To Net: NetName=NetR17_1 Pin=U6-2
Added Net: Name=NetR17_1
Added Pin To Net: NetName=NRST_MCU_KEY Pin=C17-2
Added Pin To Net: NetName=NRST_MCU_KEY Pin=K1-3
Added Pin To Net: NetName=NRST_MCU_KEY Pin=R5-1
Added Pin To Net: NetName=NRST_MCU_KEY Pin=U3-7
Added Net: Name=NRST_MCU_KEY
Added Pin To Net: NetName=ONOFF_DECTECT_KEY_MCU Pin=C35-1
Added Pin To Net: NetName=ONOFF_DECTECT_KEY_MCU Pin=D24-A
Added Pin To Net: NetName=ONOFF_DECTECT_KEY_MCU Pin=U3-10
Added Net: Name=ONOFF_DECTECT_KEY_MCU
Added Pin To Net: NetName=OSC_MCU_XTAL Pin=C12-2
Added Pin To Net: NetName=OSC_MCU_XTAL Pin=U3-6
Added Pin To Net: NetName=OSC_MCU_XTAL Pin=X2-1
Added Net: Name=OSC_MCU_XTAL
Added Pin To Net: NetName=OSC_XTAL_MCU Pin=C11-2
Added Pin To Net: NetName=OSC_XTAL_MCU Pin=U3-5
Added Pin To Net: NetName=OSC_XTAL_MCU Pin=X2-2
Added Net: Name=OSC_XTAL_MCU
Added Pin To Net: NetName=PWR_ONOFF_MCU_SW Pin=R20-1
Added Pin To Net: NetName=PWR_ONOFF_MCU_SW Pin=R21-1
Added Net: Name=PWR_ONOFF_MCU_SW
Added Pin To Net: NetName=RF_3V3 Pin=C4-1
Added Pin To Net: NetName=RF_3V3 Pin=C5-2
Added Pin To Net: NetName=RF_3V3 Pin=C6-2
Added Pin To Net: NetName=RF_3V3 Pin=R2-2
Added Pin To Net: NetName=RF_3V3 Pin=U1-7
Added Pin To Net: NetName=RF_3V3 Pin=U1-15
Added Pin To Net: NetName=RF_3V3 Pin=U1-18
Added Net: Name=RF_3V3
Added Pin To Net: NetName=RF_GND Pin=C1-1
Added Pin To Net: NetName=RF_GND Pin=C3-1
Added Pin To Net: NetName=RF_GND Pin=C7-1
Added Pin To Net: NetName=RF_GND Pin=C8-1
Added Pin To Net: NetName=RF_GND Pin=C9-1
Added Pin To Net: NetName=RF_GND Pin=C10-1
Added Pin To Net: NetName=RF_GND Pin=R1-1
Added Pin To Net: NetName=RF_GND Pin=R3-2
Added Pin To Net: NetName=RF_GND Pin=U1-8
Added Pin To Net: NetName=RF_GND Pin=U1-14
Added Pin To Net: NetName=RF_GND Pin=U1-17
Added Pin To Net: NetName=RF_GND Pin=U1-20
Added Net: Name=RF_GND
Added Pin To Net: NetName=SPI_CSN_MCU_NRF Pin=U1-2
Added Pin To Net: NetName=SPI_CSN_MCU_NRF Pin=U3-13
Added Net: Name=SPI_CSN_MCU_NRF
Added Pin To Net: NetName=SPI_MISO_NRF_MCU Pin=U1-5
Added Pin To Net: NetName=SPI_MISO_NRF_MCU Pin=U3-16
Added Net: Name=SPI_MISO_NRF_MCU
Added Pin To Net: NetName=SPI_MOSI_MCU_NRF Pin=U1-4
Added Pin To Net: NetName=SPI_MOSI_MCU_NRF Pin=U3-17
Added Net: Name=SPI_MOSI_MCU_NRF
Added Pin To Net: NetName=SPI_SCK_MCU_NRF Pin=U1-3
Added Pin To Net: NetName=SPI_SCK_MCU_NRF Pin=U3-15
Added Net: Name=SPI_SCK_MCU_NRF
Added Pin To Net: NetName=SWCLK_MCU_HEADER Pin=P1-6
Added Pin To Net: NetName=SWCLK_MCU_HEADER Pin=U3-37
Added Net: Name=SWCLK_MCU_HEADER
Added Pin To Net: NetName=SWDIO_MCU_HEADER Pin=P1-3
Added Pin To Net: NetName=SWDIO_MCU_HEADER Pin=U3-34
Added Net: Name=SWDIO_MCU_HEADER
Added Pin To Net: NetName=UART_RX_HEADER_MCU Pin=P1-2
Added Pin To Net: NetName=UART_RX_HEADER_MCU Pin=U3-31
Added Net: Name=UART_RX_HEADER_MCU
Added Pin To Net: NetName=UART_TX_MCU_HEADER Pin=P1-1
Added Pin To Net: NetName=UART_TX_MCU_HEADER Pin=U3-30
Added Net: Name=UART_TX_MCU_HEADER
Added Pin To Net: NetName=USB_IN Pin=C34-2
Added Pin To Net: NetName=USB_IN Pin=D23-A
Added Pin To Net: NetName=USB_IN Pin=L5-A4B9
Added Pin To Net: NetName=USB_IN Pin=L5-B4A9
Added Pin To Net: NetName=USB_IN Pin=Q2-1
Added Pin To Net: NetName=USB_IN Pin=R16-1
Added Pin To Net: NetName=USB_IN Pin=R22-1
Added Net: Name=USB_IN
Added Pin To Net: NetName=USB_MCU_TYPEC_N Pin=R15-1
Added Pin To Net: NetName=USB_MCU_TYPEC_N Pin=U3-32
Added Net: Name=USB_MCU_TYPEC_N
Added Pin To Net: NetName=USB_MCU_TYPEC_P Pin=R14-1
Added Pin To Net: NetName=USB_MCU_TYPEC_P Pin=U3-33
Added Net: Name=USB_MCU_TYPEC_P
Added Pin To Net: NetName=VCC_IN Pin=C39-2
Added Pin To Net: NetName=VCC_IN Pin=C40-2
Added Pin To Net: NetName=VCC_IN Pin=L4-2
Added Pin To Net: NetName=VCC_IN Pin=Q1-3
Added Pin To Net: NetName=VCC_IN Pin=R7-2
Added Pin To Net: NetName=VCC_IN Pin=R10-1
Added Pin To Net: NetName=VCC_IN Pin=U4-5
Added Net: Name=VCC_IN
Change Class Name : Old Net Name=NumPad New Net Name=KEY_Pad
Added Class: Name=LED
Added Class: Name=MCU
Added Class: Name=NRF24L01
Added Class: Name=POWER
Added Differential Pair: Name=USB_MCU_TYPEC
Added Room: Name=KEY_Pad
Added Room: Name=LED
Added Room: Name=MCU
Added Room: Name=NRF24L01
Added Room: Name=POWER
