Change Component Designator: Old Designator=C34 New Designator=C38
Change Component Designator: Old Designator=C35 New Designator=C44
Change Component Designator: Old Designator=C36 New Designator=C39
Change Component Designator: Old Designator=C37 New Designator=C43
Change Component Designator: Old Designator=C38 New Designator=C40
Change Component Designator: Old Designator=C39 New Designator=C42
Change Component Designator: Old Designator=C40 New Designator=C41
Change Component Designator: Old Designator=C41 New Designator=C45
Change Component Designator: Old Designator=C42 New Designator=C46
Change Component Designator: Old Designator=C43 New Designator=C47
Change Component Designator: Old Designator=C44 New Designator=C48
Change Component Designator: Old Designator=C45 New Designator=C50
Change Component Designator: Old Designator=C46 New Designator=C49
Change Component Designator: Old Designator=C47 New Designator=C51
Change Component Designator: Old Designator=D22 New Designator=D25
Change Component Designator: Old Designator=D23 New Designator=D22
Change Component Designator: Old Designator=D24 New Designator=D23
Change Component Designator: Old Designator=D25 New Designator=D24
Change Component Designator: Old Designator=L4 New Designator=L5
Change Component Designator: Old Designator=L5 New Designator=L4
Change Component Designator: Old Designator=R7 New Designator=R10
Change Component Designator: Old Designator=R8 New Designator=R12
Change Component Designator: Old Designator=R9 New Designator=R15
Change Component Designator: Old Designator=R10 New Designator=R14
Change Component Designator: Old Designator=R11 New Designator=R22
Change Component Designator: Old Designator=R12 New Designator=R17
Change Component Designator: Old Designator=R13 New Designator=R7
Change Component Designator: Old Designator=R14 New Designator=R8
Change Component Designator: Old Designator=R15 New Designator=R9
Change Component Designator: Old Designator=R16 New Designator=R13
Change Component Designator: Old Designator=R17 New Designator=R20
Change Component Designator: Old Designator=R18 New Designator=R11
Change Component Designator: Old Designator=R19 New Designator=R16
Change Component Designator: Old Designator=R20 New Designator=R18
Change Component Designator: Old Designator=R21 New Designator=R19
Change Component Designator: Old Designator=R22 New Designator=R21
Change Component Designator: Old Designator=U4 New Designator=U3
Change Component Designator: Old Designator=U5 New Designator=U4
Change Component Designator: Old Designator=U6 New Designator=U5
