Change Component Designator: Old Designator=C26 New Designator=C7
Change Component Designator: Old Designator=C27 New Designator=C8
Change Component Designator: Old Designator=C28 New Designator=C9
Change Component Designator: Old Designator=C29 New Designator=C10
Change Component Designator: Old Designator=C30 New Designator=C11
Change Component Designator: Old Designator=C31 New Designator=C12
Change Component Designator: Old Designator=C32 New Designator=C13
Change Component Designator: Old Designator=C33 New Designator=C14
Change Component Designator: Old Designator=C34 New Designator=C15
Change Component Designator: Old Designator=C35 New Designator=C16
Change Component Designator: Old Designator=C36 New Designator=C17
Change Component Designator: Old Designator=C37 New Designator=C18
Change Component Designator: Old Designator=C38 New Designator=C19
Change Component Designator: Old Designator=C39 New Designator=C20
Change Component Designator: Old Designator=D21 New Designator=D84
Change Component Designator: Old Designator=D22 New Designator=D85
Change Component Designator: Old Designator=D23 New Designator=D86
Change Component Designator: Old Designator=D24 New Designator=D87
Change Component Designator: Old Designator=D25 New Designator=D88
Change Component Designator: Old Designator=L4 New Designator=L1
Change Component Designator: Old Designator=L5 New Designator=L2
Change Component Designator: Old Designator=R7 New Designator=R1
Change Component Designator: Old Designator=R8 New Designator=R2
Change Component Designator: Old Designator=R9 New Designator=R3
Change Component Designator: Old Designator=R10 New Designator=R4
Change Component Designator: Old Designator=R11 New Designator=R5
Change Component Designator: Old Designator=R12 New Designator=R6
Change Component Designator: Old Designator=R13 New Designator=R7
Change Component Designator: Old Designator=R14 New Designator=R8
Change Component Designator: Old Designator=R15 New Designator=R9
Change Component Designator: Old Designator=R16 New Designator=R10
Change Component Designator: Old Designator=R17 New Designator=R11
Change Component Designator: Old Designator=R18 New Designator=R12
Change Component Designator: Old Designator=R19 New Designator=R13
Change Component Designator: Old Designator=R20 New Designator=R14
Change Component Designator: Old Designator=R21 New Designator=R15
Change Component Designator: Old Designator=R22 New Designator=R16
Change Component Designator: Old Designator=SW17 New Designator=SW84
Change Component Designator: Old Designator=U3 New Designator=U1
Change Component Designator: Old Designator=U4 New Designator=U2
Change Component Designator: Old Designator=U5 New Designator=U3
